2019-05-04 10:48:15,810:INFO: Loading the datasets...
2019-05-04 10:48:15,840:INFO: - done.
2019-05-04 10:48:15,843:INFO: Source code loaded from - /home/denys/DataScienc/projects/owoschi/experiments/mobilenet_v2_se/arch_se_after_pwlinear/model.py.
2019-05-04 10:48:17,504:INFO: Architecture used - se_after_pwlinear.
2019-05-04 10:48:17,504:INFO: Early stopping enabled.
2019-05-04 10:48:17,508:INFO: Starting training for 3 epoch(s)
2019-05-04 10:48:17,712:INFO: Epoch 1/3
2019-05-04 10:48:22,621:INFO: - Train metrics: accuracy: 0.164 ; loss: 2.153
2019-05-04 10:48:23,179:INFO: - Eval metrics : accuracy: 0.178 ; loss: 2.157
2019-05-04 10:48:23,439:INFO: - Found new best accuracy
2019-05-04 10:48:23,439:INFO: Epoch 2/3
2019-05-04 10:48:27,619:INFO: - Train metrics: accuracy: 0.266 ; loss: 1.993
2019-05-04 10:48:28,191:INFO: - Eval metrics : accuracy: 0.304 ; loss: 1.933
2019-05-04 10:48:28,524:INFO: - Found new best accuracy
2019-05-04 10:48:28,525:INFO: Epoch 3/3
2019-05-04 10:48:33,032:INFO: - Train metrics: accuracy: 0.315 ; loss: 1.855
2019-05-04 10:48:33,597:INFO: - Eval metrics : accuracy: 0.308 ; loss: 1.860
2019-05-04 10:48:33,962:INFO: - Found new best accuracy
2019-05-04 10:51:47,259:INFO: Loading the datasets...
2019-05-04 10:51:47,289:INFO: - done.
2019-05-04 10:51:47,292:INFO: Source code loaded from - /home/denys/DataScienc/projects/owoschi/experiments/mobilenet_v2_se/arch_se_after_pwlinear/model.py.
2019-05-04 10:51:48,954:INFO: Architecture used - se_after_pwlinear.
2019-05-04 10:51:48,954:INFO: Early stopping enabled.
2019-05-04 10:51:48,963:INFO: Starting training for 10 epoch(s)
2019-05-04 10:51:49,162:INFO: Epoch 1/10
2019-05-04 10:51:54,354:INFO: - Train metrics: accuracy: 0.160 ; loss: 2.166
2019-05-04 10:51:54,914:INFO: - Eval metrics : accuracy: 0.127 ; loss: 2.211
2019-05-04 10:51:55,173:INFO: - Found new best accuracy
2019-05-04 10:51:55,173:INFO: Epoch 2/10
2019-05-04 10:51:59,933:INFO: - Train metrics: accuracy: 0.206 ; loss: 2.074
2019-05-04 10:52:00,497:INFO: - Eval metrics : accuracy: 0.223 ; loss: 2.159
2019-05-04 10:52:00,732:INFO: - Found new best accuracy
2019-05-04 10:52:00,732:INFO: Epoch 3/10
2019-05-04 10:52:05,569:INFO: - Train metrics: accuracy: 0.279 ; loss: 1.932
2019-05-04 10:52:06,152:INFO: - Eval metrics : accuracy: 0.304 ; loss: 1.978
2019-05-04 10:52:06,401:INFO: - Found new best accuracy
2019-05-04 10:52:06,402:INFO: Epoch 4/10
2019-05-04 10:52:11,332:INFO: - Train metrics: accuracy: 0.317 ; loss: 1.862
2019-05-04 10:52:11,874:INFO: - Eval metrics : accuracy: 0.333 ; loss: 1.803
2019-05-04 10:52:12,106:INFO: - Found new best accuracy
2019-05-04 10:52:12,106:INFO: Epoch 5/10
2019-05-04 10:52:17,114:INFO: - Train metrics: accuracy: 0.351 ; loss: 1.769
2019-05-04 10:52:17,669:INFO: - Eval metrics : accuracy: 0.398 ; loss: 1.702
2019-05-04 10:52:17,912:INFO: - Found new best accuracy
2019-05-04 10:52:17,913:INFO: Epoch 6/10
2019-05-04 10:52:22,847:INFO: - Train metrics: accuracy: 0.386 ; loss: 1.695
2019-05-04 10:52:23,409:INFO: - Eval metrics : accuracy: 0.388 ; loss: 1.632
2019-05-04 10:52:23,618:INFO: Epoch 7/10
2019-05-04 10:52:28,493:INFO: - Train metrics: accuracy: 0.413 ; loss: 1.641
2019-05-04 10:52:29,061:INFO: - Eval metrics : accuracy: 0.431 ; loss: 1.570
2019-05-04 10:52:29,294:INFO: - Found new best accuracy
2019-05-04 10:52:29,294:INFO: Epoch 8/10
2019-05-04 10:52:34,099:INFO: - Train metrics: accuracy: 0.427 ; loss: 1.589
2019-05-04 10:52:34,694:INFO: - Eval metrics : accuracy: 0.457 ; loss: 1.526
2019-05-04 10:52:34,924:INFO: - Found new best accuracy
2019-05-04 10:52:34,924:INFO: Epoch 9/10
2019-05-04 10:52:39,864:INFO: - Train metrics: accuracy: 0.448 ; loss: 1.540
2019-05-04 10:52:40,410:INFO: - Eval metrics : accuracy: 0.461 ; loss: 1.497
2019-05-04 10:52:40,650:INFO: - Found new best accuracy
2019-05-04 10:52:40,651:INFO: Epoch 10/10
2019-05-04 10:52:45,697:INFO: - Train metrics: accuracy: 0.452 ; loss: 1.515
2019-05-04 10:52:46,253:INFO: - Eval metrics : accuracy: 0.466 ; loss: 1.470
2019-05-04 10:52:46,492:INFO: - Found new best accuracy
2019-05-04 11:06:03,126:INFO: Loading the datasets...
2019-05-04 11:06:03,157:INFO: - done.
2019-05-04 11:06:03,160:INFO: Source code loaded from - /home/denys/DataScienc/projects/owoschi/experiments/mobilenet_v2_se/arch_se_after_pwlinear/model.py.
2019-05-04 11:06:04,864:INFO: Architecture used - se_after_pwlinear.
2019-05-04 11:06:04,864:INFO: Early stopping enabled.
2019-05-04 11:06:04,873:INFO: Starting training for 10 epoch(s)
2019-05-04 11:06:05,082:INFO: Epoch 1/10
2019-05-04 11:06:34,296:INFO: - Train metrics: accuracy: 0.170 ; loss: 2.140
2019-05-04 11:06:35,910:INFO: - Eval metrics : accuracy: 0.177 ; loss: 2.151
2019-05-04 11:06:36,174:INFO: - Found new best accuracy
2019-05-04 11:06:36,175:INFO: Epoch 2/10
2019-05-04 11:07:03,812:INFO: - Train metrics: accuracy: 0.248 ; loss: 2.012
2019-05-04 11:07:05,374:INFO: - Eval metrics : accuracy: 0.248 ; loss: 2.393
2019-05-04 11:07:05,620:INFO: - Found new best accuracy
2019-05-04 11:07:05,620:INFO: Epoch 3/10
2019-05-04 11:07:33,223:INFO: - Train metrics: accuracy: 0.300 ; loss: 1.906
2019-05-04 11:07:34,836:INFO: - Eval metrics : accuracy: 0.348 ; loss: 1.780
2019-05-04 11:07:35,131:INFO: - Found new best accuracy
2019-05-04 11:07:35,132:INFO: Epoch 4/10
2019-05-04 11:08:02,691:INFO: - Train metrics: accuracy: 0.335 ; loss: 1.832
2019-05-04 11:08:04,275:INFO: - Eval metrics : accuracy: 0.409 ; loss: 1.700
2019-05-04 11:08:04,509:INFO: - Found new best accuracy
2019-05-04 11:08:04,509:INFO: Epoch 5/10
2019-05-04 11:08:32,075:INFO: - Train metrics: accuracy: 0.346 ; loss: 1.797
2019-05-04 11:08:33,632:INFO: - Eval metrics : accuracy: 0.391 ; loss: 1.704
2019-05-04 11:08:33,845:INFO: Epoch 6/10
2019-05-04 11:09:01,383:INFO: - Train metrics: accuracy: 0.360 ; loss: 1.759
2019-05-04 11:09:02,982:INFO: - Eval metrics : accuracy: 0.421 ; loss: 1.627
2019-05-04 11:09:03,275:INFO: - Found new best accuracy
2019-05-04 11:09:03,276:INFO: Epoch 7/10
2019-05-04 11:09:30,780:INFO: - Train metrics: accuracy: 0.379 ; loss: 1.708
2019-05-04 11:09:32,407:INFO: - Eval metrics : accuracy: 0.442 ; loss: 1.519
2019-05-04 11:09:32,651:INFO: - Found new best accuracy
2019-05-04 11:09:32,652:INFO: Epoch 8/10
2019-05-04 11:10:00,169:INFO: - Train metrics: accuracy: 0.386 ; loss: 1.688
2019-05-04 11:10:01,786:INFO: - Eval metrics : accuracy: 0.469 ; loss: 1.477
2019-05-04 11:10:02,029:INFO: - Found new best accuracy
2019-05-04 11:10:02,030:INFO: Epoch 9/10
2019-05-04 11:10:29,585:INFO: - Train metrics: accuracy: 0.409 ; loss: 1.642
2019-05-04 11:10:31,145:INFO: - Eval metrics : accuracy: 0.479 ; loss: 1.446
2019-05-04 11:10:31,388:INFO: - Found new best accuracy
2019-05-04 11:10:31,389:INFO: Epoch 10/10
2019-05-04 11:10:59,007:INFO: - Train metrics: accuracy: 0.415 ; loss: 1.601
2019-05-04 11:11:00,622:INFO: - Eval metrics : accuracy: 0.498 ; loss: 1.407
2019-05-04 11:11:00,845:INFO: - Found new best accuracy
2019-05-04 11:27:22,522:INFO: Loading the datasets...
2019-05-04 11:27:22,553:INFO: - done.
2019-05-04 11:27:22,556:INFO: Source code loaded from - /home/denys/DataScienc/projects/owoschi/experiments/mobilenet_v2_se/arch_se_after_pwlinear/model.py.
2019-05-04 11:27:24,263:INFO: Architecture used - se_after_pwlinear.
2019-05-04 11:27:24,263:INFO: Early stopping enabled.
2019-05-04 11:27:24,272:INFO: Starting training for 10 epoch(s)
2019-05-04 11:27:24,469:INFO: Epoch 1/10
2019-05-04 11:27:53,475:INFO: - Train metrics: accuracy: 0.203 ; loss: 2.084
2019-05-04 11:27:55,084:INFO: - Eval metrics : accuracy: 0.227 ; loss: 1.993
2019-05-04 11:27:55,340:INFO: - Found new best accuracy
2019-05-04 11:27:55,340:INFO: Epoch 2/10
2019-05-04 11:28:22,740:INFO: - Train metrics: accuracy: 0.350 ; loss: 1.784
2019-05-04 11:28:24,352:INFO: - Eval metrics : accuracy: 0.367 ; loss: 1.780
2019-05-04 11:28:24,576:INFO: - Found new best accuracy
2019-05-04 11:28:24,576:INFO: Epoch 3/10
2019-05-04 11:28:52,030:INFO: - Train metrics: accuracy: 0.416 ; loss: 1.622
2019-05-04 11:28:53,657:INFO: - Eval metrics : accuracy: 0.442 ; loss: 1.662
2019-05-04 11:28:53,904:INFO: - Found new best accuracy
2019-05-04 11:28:53,904:INFO: Epoch 4/10
2019-05-04 11:29:22,118:INFO: - Train metrics: accuracy: 0.457 ; loss: 1.521
2019-05-04 11:29:23,768:INFO: - Eval metrics : accuracy: 0.435 ; loss: 1.682
2019-05-04 11:29:24,046:INFO: Epoch 5/10
2019-05-04 11:29:53,302:INFO: - Train metrics: accuracy: 0.497 ; loss: 1.429
2019-05-04 11:29:55,016:INFO: - Eval metrics : accuracy: 0.447 ; loss: 1.570
2019-05-04 11:29:55,289:INFO: - Found new best accuracy
2019-05-04 11:29:55,290:INFO: Epoch 6/10
2019-05-04 11:30:23,821:INFO: - Train metrics: accuracy: 0.541 ; loss: 1.295
2019-05-04 11:30:25,486:INFO: - Eval metrics : accuracy: 0.483 ; loss: 1.519
2019-05-04 11:30:25,776:INFO: - Found new best accuracy
2019-05-04 11:30:25,776:INFO: Epoch 7/10
2019-05-04 11:30:55,184:INFO: - Train metrics: accuracy: 0.588 ; loss: 1.172
2019-05-04 11:30:56,750:INFO: - Eval metrics : accuracy: 0.545 ; loss: 1.349
2019-05-04 11:30:57,032:INFO: - Found new best accuracy
2019-05-04 11:30:57,032:INFO: Epoch 8/10
2019-05-04 11:31:25,890:INFO: - Train metrics: accuracy: 0.670 ; loss: 0.966
2019-05-04 11:31:27,501:INFO: - Eval metrics : accuracy: 0.549 ; loss: 1.398
2019-05-04 11:31:27,757:INFO: - Found new best accuracy
2019-05-04 11:31:27,758:INFO: Epoch 9/10
2019-05-04 11:31:55,284:INFO: - Train metrics: accuracy: 0.746 ; loss: 0.750
2019-05-04 11:31:56,874:INFO: - Eval metrics : accuracy: 0.546 ; loss: 1.443
2019-05-04 11:31:57,099:INFO: Epoch 10/10
2019-05-04 11:32:25,676:INFO: - Train metrics: accuracy: 0.801 ; loss: 0.601
2019-05-04 11:32:27,390:INFO: - Eval metrics : accuracy: 0.547 ; loss: 1.461
2019-05-04 11:54:25,168:INFO: Loading the datasets...
2019-05-04 11:54:25,199:INFO: - done.
2019-05-04 11:54:25,202:INFO: Source code loaded from - /home/denys/DataScienc/projects/owoschi/experiments/mobilenet_v2_se/arch_se_after_pwlinear/model.py.
2019-05-04 11:54:26,968:INFO: Architecture used - se_after_pwlinear.
2019-05-04 11:54:26,968:INFO: Early stopping enabled.
2019-05-04 11:54:26,972:INFO: Starting training for 5 epoch(s)
2019-05-04 11:54:27,173:INFO: Epoch 1/5
2019-05-04 11:54:39,014:INFO: - Train metrics: accuracy: 0.434 ; loss: 1.572
2019-05-04 11:54:40,633:INFO: - Eval metrics : accuracy: 0.127 ; loss: 3.593
2019-05-04 11:54:40,893:INFO: - Found new best accuracy
2019-05-04 11:54:40,893:INFO: Epoch 2/5
2019-05-04 11:54:51,125:INFO: - Train metrics: accuracy: 0.509 ; loss: 1.170
2019-05-04 11:54:52,722:INFO: - Eval metrics : accuracy: 0.127 ; loss: 4.454
2019-05-04 11:54:52,966:INFO: - Found new best accuracy
2019-05-04 11:54:52,967:INFO: Epoch 3/5
2019-05-04 11:55:03,164:INFO: - Train metrics: accuracy: 0.549 ; loss: 1.100
2019-05-04 11:55:04,745:INFO: - Eval metrics : accuracy: 0.230 ; loss: 4.901
2019-05-04 11:55:04,973:INFO: - Found new best accuracy
2019-05-04 11:55:04,973:INFO: Epoch 4/5
2019-05-04 11:55:15,195:INFO: - Train metrics: accuracy: 0.563 ; loss: 1.059
2019-05-04 11:55:16,853:INFO: - Eval metrics : accuracy: 0.228 ; loss: 5.226
2019-05-04 11:55:17,067:INFO: Epoch 5/5
2019-05-04 11:55:27,301:INFO: - Train metrics: accuracy: 0.593 ; loss: 1.008
2019-05-04 11:55:28,932:INFO: - Eval metrics : accuracy: 0.272 ; loss: 5.167
2019-05-04 11:55:29,169:INFO: - Found new best accuracy
2019-05-04 12:02:11,197:INFO: Loading the datasets...
2019-05-04 12:02:11,227:INFO: - done.
2019-05-04 12:02:11,230:INFO: Source code loaded from - /home/denys/DataScienc/projects/owoschi/experiments/mobilenet_v2_se/arch_se_after_pwlinear/model.py.
2019-05-04 12:02:12,931:INFO: Architecture used - se_after_pwlinear.
2019-05-04 12:02:12,931:INFO: Early stopping enabled.
2019-05-04 12:02:12,935:INFO: Starting training for 5 epoch(s)
2019-05-04 12:02:13,129:INFO: Epoch 1/5
2019-05-04 12:02:24,397:INFO: - Train metrics: accuracy: 0.434 ; loss: 1.574
2019-05-04 12:02:26,012:INFO: - Eval metrics : accuracy: 0.127 ; loss: 3.623
2019-05-04 12:02:26,273:INFO: - Found new best accuracy
2019-05-04 12:02:26,273:INFO: Epoch 2/5
2019-05-04 12:02:36,268:INFO: - Train metrics: accuracy: 0.506 ; loss: 1.186
2019-05-04 12:02:37,865:INFO: - Eval metrics : accuracy: 0.127 ; loss: 4.590
2019-05-04 12:02:38,122:INFO: - Found new best accuracy
2019-05-04 12:02:38,122:INFO: Epoch 3/5
2019-05-04 12:02:48,266:INFO: - Train metrics: accuracy: 0.559 ; loss: 1.087
2019-05-04 12:02:49,844:INFO: - Eval metrics : accuracy: 0.235 ; loss: 4.536
2019-05-04 12:02:50,113:INFO: - Found new best accuracy
2019-05-04 12:02:50,114:INFO: Epoch 4/5
2019-05-04 12:03:00,378:INFO: - Train metrics: accuracy: 0.571 ; loss: 1.034
2019-05-04 12:03:01,984:INFO: - Eval metrics : accuracy: 0.242 ; loss: 5.397
2019-05-04 12:03:02,247:INFO: - Found new best accuracy
2019-05-04 12:03:02,248:INFO: Epoch 5/5
2019-05-04 12:03:12,308:INFO: - Train metrics: accuracy: 0.591 ; loss: 1.005
2019-05-04 12:03:13,901:INFO: - Eval metrics : accuracy: 0.265 ; loss: 5.271
2019-05-04 12:03:14,150:INFO: - Found new best accuracy
2019-05-04 12:26:07,736:INFO: Loading the datasets...
2019-05-04 12:26:07,766:INFO: - done.
2019-05-04 12:26:07,769:INFO: Source code loaded from - /home/denys/DataScienc/projects/owoschi/experiments/mobilenet_v2_se/arch_se_after_pwlinear/model.py.
2019-05-04 12:26:09,497:INFO: Architecture used - se_after_pwlinear.
2019-05-04 12:26:09,497:INFO: Early stopping enabled.
2019-05-04 12:26:09,502:INFO: Starting training for 5 epoch(s)
2019-05-04 12:26:09,705:INFO: Epoch 1/5
2019-05-04 12:26:21,893:INFO: - Train metrics: accuracy: 0.404 ; loss: 1.510
2019-05-04 12:26:23,642:INFO: - Eval metrics : accuracy: 0.123 ; loss: 3.719
2019-05-04 12:26:23,898:INFO: - Found new best accuracy
2019-05-04 12:26:23,898:INFO: Epoch 2/5
2019-05-04 12:26:34,935:INFO: - Train metrics: accuracy: 0.534 ; loss: 1.154
2019-05-04 12:26:36,534:INFO: - Eval metrics : accuracy: 0.182 ; loss: 5.944
2019-05-04 12:26:36,799:INFO: - Found new best accuracy
2019-05-04 12:26:36,799:INFO: Epoch 3/5
2019-05-04 12:26:47,268:INFO: - Train metrics: accuracy: 0.535 ; loss: 1.121
2019-05-04 12:26:48,818:INFO: - Eval metrics : accuracy: 0.201 ; loss: 6.443
2019-05-04 12:26:49,079:INFO: - Found new best accuracy
2019-05-04 12:26:49,080:INFO: Epoch 4/5
2019-05-04 12:26:59,606:INFO: - Train metrics: accuracy: 0.552 ; loss: 1.062
2019-05-04 12:27:01,192:INFO: - Eval metrics : accuracy: 0.215 ; loss: 5.670
2019-05-04 12:27:01,430:INFO: - Found new best accuracy
2019-05-04 12:27:01,431:INFO: Epoch 5/5
2019-05-04 12:27:11,910:INFO: - Train metrics: accuracy: 0.586 ; loss: 1.010
2019-05-04 12:27:13,511:INFO: - Eval metrics : accuracy: 0.271 ; loss: 5.540
2019-05-04 12:27:13,901:INFO: - Found new best accuracy
2019-05-04 12:44:06,984:INFO: Loading the datasets...
2019-05-04 12:44:07,014:INFO: - done.
2019-05-04 12:44:07,018:INFO: Source code loaded from - /home/denys/DataScienc/projects/owoschi/experiments/mobilenet_v2_se/arch_se_after_pwlinear/model.py.
2019-05-04 12:44:08,730:INFO: Architecture used - se_after_pwlinear.
2019-05-04 12:44:08,730:INFO: Early stopping enabled.
2019-05-04 12:44:08,738:INFO: Starting training for 5 epoch(s)
2019-05-04 12:44:08,950:INFO: Epoch 1/5
2019-05-04 12:44:40,304:INFO: - Train metrics: accuracy: 0.188 ; loss: 2.110
2019-05-04 12:44:41,847:INFO: - Eval metrics : accuracy: 0.238 ; loss: 2.401
2019-05-04 12:44:42,087:INFO: - Found new best accuracy
2019-05-04 12:44:42,088:INFO: Epoch 2/5
2019-05-04 12:45:12,200:INFO: - Train metrics: accuracy: 0.293 ; loss: 1.937
2019-05-04 12:45:13,788:INFO: - Eval metrics : accuracy: 0.369 ; loss: 1.858
2019-05-04 12:45:14,031:INFO: - Found new best accuracy
2019-05-04 12:45:14,031:INFO: Epoch 3/5
2019-05-04 12:45:44,120:INFO: - Train metrics: accuracy: 0.332 ; loss: 1.826
2019-05-04 12:45:45,710:INFO: - Eval metrics : accuracy: 0.410 ; loss: 1.648
2019-05-04 12:45:45,972:INFO: - Found new best accuracy
2019-05-04 12:45:45,972:INFO: Epoch 4/5
2019-05-04 12:46:16,079:INFO: - Train metrics: accuracy: 0.363 ; loss: 1.747
2019-05-04 12:46:17,660:INFO: - Eval metrics : accuracy: 0.429 ; loss: 1.571
2019-05-04 12:46:17,903:INFO: - Found new best accuracy
2019-05-04 12:46:17,904:INFO: Epoch 5/5
2019-05-04 12:46:48,032:INFO: - Train metrics: accuracy: 0.387 ; loss: 1.688
2019-05-04 12:46:49,621:INFO: - Eval metrics : accuracy: 0.449 ; loss: 1.504
2019-05-04 12:46:49,867:INFO: - Found new best accuracy
