2019-05-04 10:48:35,646:INFO: Loading the datasets...
2019-05-04 10:48:35,677:INFO: - done.
2019-05-04 10:48:35,680:INFO: Source code loaded from - /home/denys/DataScienc/projects/owoschi/experiments/mobilenet_v2_se/arch_mobilenet_v2/model.py.
2019-05-04 10:48:37,340:INFO: Architecture used - mobilenet_v2.
2019-05-04 10:48:37,340:INFO: Early stopping enabled.
2019-05-04 10:48:37,344:INFO: Starting training for 3 epoch(s)
2019-05-04 10:48:37,547:INFO: Epoch 1/3
2019-05-04 10:48:42,420:INFO: - Train metrics: accuracy: 0.171 ; loss: 2.153
2019-05-04 10:48:43,001:INFO: - Eval metrics : accuracy: 0.205 ; loss: 2.113
2019-05-04 10:48:43,249:INFO: - Found new best accuracy
2019-05-04 10:48:43,250:INFO: Epoch 2/3
2019-05-04 10:48:47,326:INFO: - Train metrics: accuracy: 0.259 ; loss: 1.994
2019-05-04 10:48:47,868:INFO: - Eval metrics : accuracy: 0.289 ; loss: 1.909
2019-05-04 10:48:48,156:INFO: - Found new best accuracy
2019-05-04 10:48:48,157:INFO: Epoch 3/3
2019-05-04 10:48:52,405:INFO: - Train metrics: accuracy: 0.309 ; loss: 1.875
2019-05-04 10:48:52,977:INFO: - Eval metrics : accuracy: 0.325 ; loss: 1.846
2019-05-04 10:48:53,276:INFO: - Found new best accuracy
2019-05-04 10:52:48,133:INFO: Loading the datasets...
2019-05-04 10:52:48,163:INFO: - done.
2019-05-04 10:52:48,166:INFO: Source code loaded from - /home/denys/DataScienc/projects/owoschi/experiments/mobilenet_v2_se/arch_mobilenet_v2/model.py.
2019-05-04 10:52:49,830:INFO: Architecture used - mobilenet_v2.
2019-05-04 10:52:49,831:INFO: Early stopping enabled.
2019-05-04 10:52:49,840:INFO: Starting training for 10 epoch(s)
2019-05-04 10:52:50,048:INFO: Epoch 1/10
2019-05-04 10:52:55,652:INFO: - Train metrics: accuracy: 0.159 ; loss: 2.161
2019-05-04 10:52:56,234:INFO: - Eval metrics : accuracy: 0.134 ; loss: 2.205
2019-05-04 10:52:56,500:INFO: - Found new best accuracy
2019-05-04 10:52:56,500:INFO: Epoch 2/10
2019-05-04 10:53:01,482:INFO: - Train metrics: accuracy: 0.229 ; loss: 2.042
2019-05-04 10:53:02,020:INFO: - Eval metrics : accuracy: 0.250 ; loss: 2.177
2019-05-04 10:53:02,267:INFO: - Found new best accuracy
2019-05-04 10:53:02,267:INFO: Epoch 3/10
2019-05-04 10:53:06,881:INFO: - Train metrics: accuracy: 0.293 ; loss: 1.904
2019-05-04 10:53:07,449:INFO: - Eval metrics : accuracy: 0.323 ; loss: 1.896
2019-05-04 10:53:07,693:INFO: - Found new best accuracy
2019-05-04 10:53:07,694:INFO: Epoch 4/10
2019-05-04 10:53:12,285:INFO: - Train metrics: accuracy: 0.344 ; loss: 1.810
2019-05-04 10:53:12,872:INFO: - Eval metrics : accuracy: 0.347 ; loss: 1.759
2019-05-04 10:53:13,110:INFO: - Found new best accuracy
2019-05-04 10:53:13,110:INFO: Epoch 5/10
2019-05-04 10:53:17,830:INFO: - Train metrics: accuracy: 0.362 ; loss: 1.757
2019-05-04 10:53:18,386:INFO: - Eval metrics : accuracy: 0.405 ; loss: 1.677
2019-05-04 10:53:18,622:INFO: - Found new best accuracy
2019-05-04 10:53:18,623:INFO: Epoch 6/10
2019-05-04 10:53:23,429:INFO: - Train metrics: accuracy: 0.403 ; loss: 1.670
2019-05-04 10:53:24,002:INFO: - Eval metrics : accuracy: 0.396 ; loss: 1.667
2019-05-04 10:53:24,208:INFO: Epoch 7/10
2019-05-04 10:53:28,980:INFO: - Train metrics: accuracy: 0.411 ; loss: 1.631
2019-05-04 10:53:29,547:INFO: - Eval metrics : accuracy: 0.425 ; loss: 1.568
2019-05-04 10:53:29,784:INFO: - Found new best accuracy
2019-05-04 10:53:29,784:INFO: Epoch 8/10
2019-05-04 10:53:34,496:INFO: - Train metrics: accuracy: 0.429 ; loss: 1.578
2019-05-04 10:53:35,055:INFO: - Eval metrics : accuracy: 0.431 ; loss: 1.537
2019-05-04 10:53:35,298:INFO: - Found new best accuracy
2019-05-04 10:53:35,299:INFO: Epoch 9/10
2019-05-04 10:53:40,198:INFO: - Train metrics: accuracy: 0.447 ; loss: 1.524
2019-05-04 10:53:40,780:INFO: - Eval metrics : accuracy: 0.441 ; loss: 1.501
2019-05-04 10:53:41,021:INFO: - Found new best accuracy
2019-05-04 10:53:41,021:INFO: Epoch 10/10
2019-05-04 10:53:45,753:INFO: - Train metrics: accuracy: 0.457 ; loss: 1.502
2019-05-04 10:53:46,306:INFO: - Eval metrics : accuracy: 0.458 ; loss: 1.479
2019-05-04 10:53:46,546:INFO: - Found new best accuracy
2019-05-04 11:11:02,576:INFO: Loading the datasets...
2019-05-04 11:11:02,606:INFO: - done.
2019-05-04 11:11:02,609:INFO: Source code loaded from - /home/denys/DataScienc/projects/owoschi/experiments/mobilenet_v2_se/arch_mobilenet_v2/model.py.
2019-05-04 11:11:04,312:INFO: Architecture used - mobilenet_v2.
2019-05-04 11:11:04,313:INFO: Early stopping enabled.
2019-05-04 11:11:04,322:INFO: Starting training for 10 epoch(s)
2019-05-04 11:11:04,531:INFO: Epoch 1/10
2019-05-04 11:11:33,821:INFO: - Train metrics: accuracy: 0.171 ; loss: 2.137
2019-05-04 11:11:35,394:INFO: - Eval metrics : accuracy: 0.181 ; loss: 2.166
2019-05-04 11:11:35,651:INFO: - Found new best accuracy
2019-05-04 11:11:35,652:INFO: Epoch 2/10
2019-05-04 11:12:03,321:INFO: - Train metrics: accuracy: 0.256 ; loss: 1.989
2019-05-04 11:12:04,940:INFO: - Eval metrics : accuracy: 0.266 ; loss: 2.550
2019-05-04 11:12:05,180:INFO: - Found new best accuracy
2019-05-04 11:12:05,181:INFO: Epoch 3/10
2019-05-04 11:12:32,779:INFO: - Train metrics: accuracy: 0.304 ; loss: 1.908
2019-05-04 11:12:34,345:INFO: - Eval metrics : accuracy: 0.354 ; loss: 1.794
2019-05-04 11:12:34,595:INFO: - Found new best accuracy
2019-05-04 11:12:34,595:INFO: Epoch 4/10
2019-05-04 11:13:02,201:INFO: - Train metrics: accuracy: 0.333 ; loss: 1.835
2019-05-04 11:13:03,798:INFO: - Eval metrics : accuracy: 0.410 ; loss: 1.643
2019-05-04 11:13:04,033:INFO: - Found new best accuracy
2019-05-04 11:13:04,033:INFO: Epoch 5/10
2019-05-04 11:13:31,641:INFO: - Train metrics: accuracy: 0.357 ; loss: 1.784
2019-05-04 11:13:33,232:INFO: - Eval metrics : accuracy: 0.388 ; loss: 1.714
2019-05-04 11:13:33,441:INFO: Epoch 6/10
2019-05-04 11:14:00,988:INFO: - Train metrics: accuracy: 0.357 ; loss: 1.751
2019-05-04 11:14:02,563:INFO: - Eval metrics : accuracy: 0.411 ; loss: 1.580
2019-05-04 11:14:02,786:INFO: - Found new best accuracy
2019-05-04 11:14:02,787:INFO: Epoch 7/10
2019-05-04 11:14:30,435:INFO: - Train metrics: accuracy: 0.385 ; loss: 1.706
2019-05-04 11:14:32,006:INFO: - Eval metrics : accuracy: 0.436 ; loss: 1.511
2019-05-04 11:14:32,238:INFO: - Found new best accuracy
2019-05-04 11:14:32,238:INFO: Epoch 8/10
2019-05-04 11:15:00,067:INFO: - Train metrics: accuracy: 0.388 ; loss: 1.682
2019-05-04 11:15:01,691:INFO: - Eval metrics : accuracy: 0.471 ; loss: 1.458
2019-05-04 11:15:01,912:INFO: - Found new best accuracy
2019-05-04 11:15:01,913:INFO: Epoch 9/10
2019-05-04 11:15:29,540:INFO: - Train metrics: accuracy: 0.402 ; loss: 1.640
2019-05-04 11:15:31,139:INFO: - Eval metrics : accuracy: 0.465 ; loss: 1.436
2019-05-04 11:15:31,352:INFO: Epoch 10/10
2019-05-04 11:15:59,701:INFO: - Train metrics: accuracy: 0.423 ; loss: 1.600
2019-05-04 11:16:01,341:INFO: - Eval metrics : accuracy: 0.486 ; loss: 1.392
2019-05-04 11:16:01,570:INFO: - Found new best accuracy
2019-05-04 11:32:29,461:INFO: Loading the datasets...
2019-05-04 11:32:29,493:INFO: - done.
2019-05-04 11:32:29,496:INFO: Source code loaded from - /home/denys/DataScienc/projects/owoschi/experiments/mobilenet_v2_se/arch_mobilenet_v2/model.py.
2019-05-04 11:32:31,283:INFO: Architecture used - mobilenet_v2.
2019-05-04 11:32:31,283:INFO: Early stopping enabled.
2019-05-04 11:32:31,293:INFO: Starting training for 10 epoch(s)
2019-05-04 11:32:31,499:INFO: Epoch 1/10
2019-05-04 11:33:02,647:INFO: - Train metrics: accuracy: 0.199 ; loss: 2.086
2019-05-04 11:33:04,381:INFO: - Eval metrics : accuracy: 0.209 ; loss: 2.069
2019-05-04 11:33:04,654:INFO: - Found new best accuracy
2019-05-04 11:33:04,655:INFO: Epoch 2/10
2019-05-04 11:33:33,901:INFO: - Train metrics: accuracy: 0.359 ; loss: 1.781
2019-05-04 11:33:35,596:INFO: - Eval metrics : accuracy: 0.341 ; loss: 2.332
2019-05-04 11:33:35,854:INFO: - Found new best accuracy
2019-05-04 11:33:35,855:INFO: Epoch 3/10
2019-05-04 11:34:04,194:INFO: - Train metrics: accuracy: 0.419 ; loss: 1.624
2019-05-04 11:34:05,763:INFO: - Eval metrics : accuracy: 0.402 ; loss: 1.780
2019-05-04 11:34:06,003:INFO: - Found new best accuracy
2019-05-04 11:34:06,004:INFO: Epoch 4/10
2019-05-04 11:34:33,356:INFO: - Train metrics: accuracy: 0.456 ; loss: 1.532
2019-05-04 11:34:34,988:INFO: - Eval metrics : accuracy: 0.473 ; loss: 1.646
2019-05-04 11:34:35,543:INFO: - Found new best accuracy
2019-05-04 11:34:35,543:INFO: Epoch 5/10
2019-05-04 11:35:03,893:INFO: - Train metrics: accuracy: 0.492 ; loss: 1.426
2019-05-04 11:35:05,478:INFO: - Eval metrics : accuracy: 0.473 ; loss: 1.578
2019-05-04 11:35:05,713:INFO: Epoch 6/10
2019-05-04 11:35:33,520:INFO: - Train metrics: accuracy: 0.546 ; loss: 1.291
2019-05-04 11:35:35,096:INFO: - Eval metrics : accuracy: 0.528 ; loss: 1.345
2019-05-04 11:35:35,448:INFO: - Found new best accuracy
2019-05-04 11:35:35,449:INFO: Epoch 7/10
2019-05-04 11:36:03,301:INFO: - Train metrics: accuracy: 0.601 ; loss: 1.156
2019-05-04 11:36:04,873:INFO: - Eval metrics : accuracy: 0.493 ; loss: 1.513
2019-05-04 11:36:05,148:INFO: Epoch 8/10
2019-05-04 11:36:32,915:INFO: - Train metrics: accuracy: 0.673 ; loss: 0.948
2019-05-04 11:36:34,550:INFO: - Eval metrics : accuracy: 0.571 ; loss: 1.367
2019-05-04 11:36:34,958:INFO: - Found new best accuracy
2019-05-04 11:36:34,959:INFO: Epoch 9/10
2019-05-04 11:37:02,294:INFO: - Train metrics: accuracy: 0.755 ; loss: 0.728
2019-05-04 11:37:03,894:INFO: - Eval metrics : accuracy: 0.573 ; loss: 1.379
2019-05-04 11:37:04,165:INFO: - Found new best accuracy
2019-05-04 11:37:04,165:INFO: Epoch 10/10
2019-05-04 11:37:32,177:INFO: - Train metrics: accuracy: 0.807 ; loss: 0.589
2019-05-04 11:37:33,796:INFO: - Eval metrics : accuracy: 0.569 ; loss: 1.386
2019-05-04 11:55:30,969:INFO: Loading the datasets...
2019-05-04 11:55:31,000:INFO: - done.
2019-05-04 11:55:31,003:INFO: Source code loaded from - /home/denys/DataScienc/projects/owoschi/experiments/mobilenet_v2_se/arch_mobilenet_v2/model.py.
2019-05-04 11:55:32,765:INFO: Architecture used - mobilenet_v2.
2019-05-04 11:55:32,765:INFO: Early stopping enabled.
2019-05-04 11:55:32,768:INFO: Starting training for 5 epoch(s)
2019-05-04 11:55:32,970:INFO: Epoch 1/5
2019-05-04 11:55:44,892:INFO: - Train metrics: accuracy: 0.429 ; loss: 1.574
2019-05-04 11:55:46,592:INFO: - Eval metrics : accuracy: 0.127 ; loss: 3.592
2019-05-04 11:55:46,862:INFO: - Found new best accuracy
2019-05-04 11:55:46,862:INFO: Epoch 2/5
2019-05-04 11:55:57,190:INFO: - Train metrics: accuracy: 0.486 ; loss: 1.203
2019-05-04 11:55:58,832:INFO: - Eval metrics : accuracy: 0.127 ; loss: 4.471
2019-05-04 11:55:59,147:INFO: - Found new best accuracy
2019-05-04 11:55:59,148:INFO: Epoch 3/5
2019-05-04 11:56:09,412:INFO: - Train metrics: accuracy: 0.542 ; loss: 1.101
2019-05-04 11:56:11,002:INFO: - Eval metrics : accuracy: 0.245 ; loss: 4.787
2019-05-04 11:56:11,232:INFO: - Found new best accuracy
2019-05-04 11:56:11,232:INFO: Epoch 4/5
2019-05-04 11:56:21,485:INFO: - Train metrics: accuracy: 0.562 ; loss: 1.046
2019-05-04 11:56:23,165:INFO: - Eval metrics : accuracy: 0.229 ; loss: 5.379
2019-05-04 11:56:23,364:INFO: Epoch 5/5
2019-05-04 11:56:33,639:INFO: - Train metrics: accuracy: 0.595 ; loss: 1.002
2019-05-04 11:56:35,341:INFO: - Eval metrics : accuracy: 0.278 ; loss: 5.298
2019-05-04 11:56:35,639:INFO: - Found new best accuracy
2019-05-04 12:03:16,002:INFO: Loading the datasets...
2019-05-04 12:03:16,033:INFO: - done.
2019-05-04 12:03:16,036:INFO: Source code loaded from - /home/denys/DataScienc/projects/owoschi/experiments/mobilenet_v2_se/arch_mobilenet_v2/model.py.
2019-05-04 12:03:17,759:INFO: Architecture used - mobilenet_v2.
2019-05-04 12:03:17,759:INFO: Early stopping enabled.
2019-05-04 12:03:17,762:INFO: Starting training for 5 epoch(s)
2019-05-04 12:03:17,969:INFO: Epoch 1/5
2019-05-04 12:03:29,766:INFO: - Train metrics: accuracy: 0.431 ; loss: 1.573
2019-05-04 12:03:31,357:INFO: - Eval metrics : accuracy: 0.127 ; loss: 3.601
2019-05-04 12:03:31,649:INFO: - Found new best accuracy
2019-05-04 12:03:31,649:INFO: Epoch 2/5
2019-05-04 12:03:41,388:INFO: - Train metrics: accuracy: 0.495 ; loss: 1.191
2019-05-04 12:03:42,993:INFO: - Eval metrics : accuracy: 0.127 ; loss: 4.519
2019-05-04 12:03:43,251:INFO: - Found new best accuracy
2019-05-04 12:03:43,252:INFO: Epoch 3/5
2019-05-04 12:03:53,232:INFO: - Train metrics: accuracy: 0.542 ; loss: 1.104
2019-05-04 12:03:54,824:INFO: - Eval metrics : accuracy: 0.241 ; loss: 4.808
2019-05-04 12:03:55,125:INFO: - Found new best accuracy
2019-05-04 12:03:55,125:INFO: Epoch 4/5
2019-05-04 12:04:05,091:INFO: - Train metrics: accuracy: 0.557 ; loss: 1.047
2019-05-04 12:04:06,712:INFO: - Eval metrics : accuracy: 0.250 ; loss: 5.582
2019-05-04 12:04:06,979:INFO: - Found new best accuracy
2019-05-04 12:04:06,979:INFO: Epoch 5/5
2019-05-04 12:04:16,746:INFO: - Train metrics: accuracy: 0.583 ; loss: 1.001
2019-05-04 12:04:18,346:INFO: - Eval metrics : accuracy: 0.271 ; loss: 5.438
2019-05-04 12:04:18,613:INFO: - Found new best accuracy
2019-05-04 12:27:15,605:INFO: Loading the datasets...
2019-05-04 12:27:15,635:INFO: - done.
2019-05-04 12:27:15,639:INFO: Source code loaded from - /home/denys/DataScienc/projects/owoschi/experiments/mobilenet_v2_se/arch_mobilenet_v2/model.py.
2019-05-04 12:27:17,325:INFO: Architecture used - mobilenet_v2.
2019-05-04 12:27:17,325:INFO: Early stopping enabled.
2019-05-04 12:27:17,329:INFO: Starting training for 5 epoch(s)
2019-05-04 12:27:17,540:INFO: Epoch 1/5
2019-05-04 12:27:28,345:INFO: - Train metrics: accuracy: 0.433 ; loss: 1.504
2019-05-04 12:27:29,848:INFO: - Eval metrics : accuracy: 0.123 ; loss: 3.972
2019-05-04 12:27:30,107:INFO: - Found new best accuracy
2019-05-04 12:27:30,107:INFO: Epoch 2/5
2019-05-04 12:27:39,662:INFO: - Train metrics: accuracy: 0.500 ; loss: 1.210
2019-05-04 12:27:41,142:INFO: - Eval metrics : accuracy: 0.218 ; loss: 4.981
2019-05-04 12:27:41,445:INFO: - Found new best accuracy
2019-05-04 12:27:41,446:INFO: Epoch 3/5
2019-05-04 12:27:51,017:INFO: - Train metrics: accuracy: 0.559 ; loss: 1.094
2019-05-04 12:27:52,559:INFO: - Eval metrics : accuracy: 0.234 ; loss: 5.552
2019-05-04 12:27:52,798:INFO: - Found new best accuracy
2019-05-04 12:27:52,799:INFO: Epoch 4/5
2019-05-04 12:28:02,381:INFO: - Train metrics: accuracy: 0.575 ; loss: 1.050
2019-05-04 12:28:03,862:INFO: - Eval metrics : accuracy: 0.227 ; loss: 5.586
2019-05-04 12:28:04,069:INFO: Epoch 5/5
2019-05-04 12:28:13,654:INFO: - Train metrics: accuracy: 0.591 ; loss: 1.003
2019-05-04 12:28:15,149:INFO: - Eval metrics : accuracy: 0.239 ; loss: 5.394
2019-05-04 12:28:15,385:INFO: - Found new best accuracy
2019-05-04 12:46:51,589:INFO: Loading the datasets...
2019-05-04 12:46:51,619:INFO: - done.
2019-05-04 12:46:51,622:INFO: Source code loaded from - /home/denys/DataScienc/projects/owoschi/experiments/mobilenet_v2_se/arch_mobilenet_v2/model.py.
2019-05-04 12:46:53,319:INFO: Architecture used - mobilenet_v2.
2019-05-04 12:46:53,320:INFO: Early stopping enabled.
2019-05-04 12:46:53,327:INFO: Starting training for 5 epoch(s)
2019-05-04 12:46:53,540:INFO: Epoch 1/5
2019-05-04 12:47:22,186:INFO: - Train metrics: accuracy: 0.183 ; loss: 2.122
2019-05-04 12:47:23,673:INFO: - Eval metrics : accuracy: 0.260 ; loss: 2.332
2019-05-04 12:47:23,933:INFO: - Found new best accuracy
2019-05-04 12:47:23,933:INFO: Epoch 2/5
2019-05-04 12:47:51,340:INFO: - Train metrics: accuracy: 0.291 ; loss: 1.954
2019-05-04 12:47:52,813:INFO: - Eval metrics : accuracy: 0.305 ; loss: 1.888
2019-05-04 12:47:53,035:INFO: - Found new best accuracy
2019-05-04 12:47:53,036:INFO: Epoch 3/5
2019-05-04 12:48:20,469:INFO: - Train metrics: accuracy: 0.332 ; loss: 1.851
2019-05-04 12:48:21,964:INFO: - Eval metrics : accuracy: 0.414 ; loss: 1.699
2019-05-04 12:48:22,228:INFO: - Found new best accuracy
2019-05-04 12:48:22,229:INFO: Epoch 4/5
2019-05-04 12:48:49,626:INFO: - Train metrics: accuracy: 0.353 ; loss: 1.796
2019-05-04 12:48:51,094:INFO: - Eval metrics : accuracy: 0.440 ; loss: 1.600
2019-05-04 12:48:51,330:INFO: - Found new best accuracy
2019-05-04 12:48:51,330:INFO: Epoch 5/5
2019-05-04 12:49:18,743:INFO: - Train metrics: accuracy: 0.372 ; loss: 1.739
2019-05-04 12:49:20,231:INFO: - Eval metrics : accuracy: 0.435 ; loss: 1.573
